0 info it worked if it ends with ok
1 verbose cli [ 'C:\\Program Files\\nodejs\\node.exe',
1 verbose cli   'C:\\Program Files\\nodejs\\node_modules\\npm\\bin\\npm-cli.js',
1 verbose cli   'start' ]
2 info using npm@3.10.10
3 info using node@v6.9.4
4 verbose run-script [ 'prestart', 'start', 'poststart' ]
5 info lifecycle chess@0.2.1~prestart: chess@0.2.1
6 silly lifecycle chess@0.2.1~prestart: no script for prestart, continuing
7 info lifecycle chess@0.2.1~start: chess@0.2.1
8 verbose lifecycle chess@0.2.1~start: unsafe-perm in lifecycle true
9 verbose lifecycle chess@0.2.1~start: PATH: C:\Program Files\nodejs\node_modules\npm\bin\node-gyp-bin;C:\Users\Andreas\Dropbox\amodahl.no\chess-client\node_modules\.bin;C:\Program Files\Haskell\bin;C:\Program Files\Haskell Platform\8.0.1\lib\extralibs\bin;C:\Program Files\Haskell Platform\8.0.1\bin;C:\Program Files\ImageMagick-6.9.3-Q16;C:\ProgramData\Oracle\Java\javapath;C:\Program Files\Java\jdk1.8.0_31\bin;C:\WINDOWS\system32;C:\WINDOWS;C:\WINDOWS\System32\Wbem;C:\WINDOWS\System32\WindowsPowerShell\v1.0\;C:\apache-ant-1.9.4\bin;C:\Program Files\TortoiseSVN\bin;C:\gradle-2.7\bin;C:\ffmpeg\bin;E:\openssl\bin;C:\Python27;E:\android-sdk\platform-tools;C:\Program Files\apache-maven-3.3.9\bin;C:\Program Files\MATLAB\R2016a\bin;C:\Program Files (x86)\Windows Kits\8.1\Windows Performance Toolkit\;C:\Users\Andreas\Dropbox\kotlinc\bin;C:\Program Files (x86)\GtkSharp\2.12\bin;E:\xampp\mysql\bin;C:\Program Files (x86)\Skype\Phone\;C:\Users\Andreas\Desktop\fbx-conv-master;C:\Program Files\Haskell Platform\8.0.1\mingw\bin;C:\Users\Andreas\Downloads;C:\Program Files\CMake\bin;C:\Program Files (x86)\scala\bin;C:\Program Files\nodejs\;C:\Program Files\Git\cmd;C:\xampp\php;C:\ProgramData\ComposerSetup\bin;C:\Program Files (x86)\PuTTY\;C:\Users\Andreas\AppData\Roaming\npm\node_modules\eslint;C:\Users\Andreas\AppData\Roaming\cabal\bin;C:\Users\Andreas\AppData\Roaming\local\bin;C:\Program Files (x86)\SSH Communications Security\SSH Secure Shell;C:\Users\Andreas\AppData\Local\Microsoft\WindowsApps;C:\Users\Andreas\AppData\Roaming\npm;C:\Users\Andreas\AppData\Roaming\Composer\vendor\bin;C:\Users\Andreas\Dropbox\Leiningen;C:\Users\Andreas\AppData\Roaming\npm\node_modules\eslint;C:\Users\Andreas\AppData\Local\atom\bin
10 verbose lifecycle chess@0.2.1~start: CWD: C:\Users\Andreas\Dropbox\amodahl.no\chess-client
11 silly lifecycle chess@0.2.1~start: Args: [ '/d /s /c', 'node scripts/start.js' ]
12 verbose stack Error: kill ENOSYS
12 verbose stack     at exports._errnoException (util.js:1022:11)
12 verbose stack     at process.kill (internal/process.js:172:13)
12 verbose stack     at process.listener (C:\Program Files\nodejs\node_modules\npm\node_modules\npmlog\node_modules\gauge\node_modules\signal-exit\index.js:86:15)
12 verbose stack     at emitNone (events.js:91:20)
12 verbose stack     at process.emit (events.js:185:7)
12 verbose stack     at processEmit (C:\Program Files\nodejs\node_modules\npm\node_modules\npmlog\node_modules\gauge\node_modules\signal-exit\index.js:146:32)
12 verbose stack     at processEmit (C:\Program Files\nodejs\node_modules\npm\node_modules\npm-registry-client\node_modules\npmlog\node_modules\gauge\node_modules\signal-exit\index.js:146:32)
12 verbose stack     at Signal.wrap.onsignal (internal/process.js:199:44)
13 verbose cwd C:\Users\Andreas\Dropbox\amodahl.no\chess-client
14 error Windows_NT 10.0.14393
15 error argv "C:\\Program Files\\nodejs\\node.exe" "C:\\Program Files\\nodejs\\node_modules\\npm\\bin\\npm-cli.js" "start"
16 error node v6.9.4
17 error npm  v3.10.10
18 error code ENOSYS
19 error errno ENOSYS
20 error syscall kill
21 error kill ENOSYS
22 error If you need help, you may report this error at:
22 error     <https://github.com/npm/npm/issues>
23 verbose exit [ 1, true ]
